Using pre-set license
Built from '2022.3/release' branch; Version is '2022.3.5f1 (9674261d40ee) revision 9860134'; Using compiler version '192829333'; Build Type 'Release'
OS: 'Windows 10  (10.0.19045) 64bit Core' Language: 'ko' Physical Memory: 8105 MB
BatchMode: 1, IsHumanControllingUs: 0, StartBugReporterOnCrash: 0, Is64bit: 1, IsPro: 1

COMMAND LINE ARGUMENTS:
C:\Program Files\Unity\Hub\Editor\2022.3.5f1\Editor\Unity.exe
-adb2
-batchMode
-noUpm
-name
AssetImportWorker318
-projectPath
C:/Users/samsungpc/OneDrive - GIST/바탕 화면/week4
-logFile
Logs/AssetImportWorker318.log
-srvPort
28396
Successfully changed project path to: C:/Users/samsungpc/OneDrive - GIST/바탕 화면/week4
C:/Users/samsungpc/OneDrive - GIST/바탕 화면/week4
[UnityMemory] Configuration Parameters - Can be set up in boot.config
    "memorysetup-bucket-allocator-granularity=16"
    "memorysetup-bucket-allocator-bucket-count=8"
    "memorysetup-bucket-allocator-block-size=33554432"
    "memorysetup-bucket-allocator-block-count=8"
    "memorysetup-main-allocator-block-size=16777216"
    "memorysetup-thread-allocator-block-size=16777216"
    "memorysetup-gfx-main-allocator-block-size=16777216"
    "memorysetup-gfx-thread-allocator-block-size=16777216"
    "memorysetup-cache-allocator-block-size=4194304"
    "memorysetup-typetree-allocator-block-size=2097152"
    "memorysetup-profiler-bucket-allocator-granularity=16"
    "memorysetup-profiler-bucket-allocator-bucket-count=8"
    "memorysetup-profiler-bucket-allocator-block-size=33554432"
    "memorysetup-profiler-bucket-allocator-block-count=8"
    "memorysetup-profiler-allocator-block-size=16777216"
    "memorysetup-profiler-editor-allocator-block-size=1048576"
    "memorysetup-temp-allocator-size-main=16777216"
    "memorysetup-job-temp-allocator-block-size=2097152"
    "memorysetup-job-temp-allocator-block-size-background=1048576"
    "memorysetup-job-temp-allocator-reduction-small-platforms=262144"
    "memorysetup-allocator-temp-initial-block-size-main=262144"
    "memorysetup-allocator-temp-initial-block-size-worker=262144"
    "memorysetup-temp-allocator-size-background-worker=32768"
    "memorysetup-temp-allocator-size-job-worker=262144"
    "memorysetup-temp-allocator-size-preload-manager=33554432"
    "memorysetup-temp-allocator-size-nav-mesh-worker=65536"
    "memorysetup-temp-allocator-size-audio-worker=65536"
    "memorysetup-temp-allocator-size-cloud-worker=32768"
    "memorysetup-temp-allocator-size-gi-baking-worker=262144"
    "memorysetup-temp-allocator-size-gfx=262144"
Player connection [4624] Host "[IP] 192.249.29.25 [Port] 0 [Flags] 2 [Guid] 2742264105 [EditorId] 2742264105 [Version] 1048832 [Id] WindowsEditor(7,LAPTOP-kimchangwan) [Debug] 1 [PackageName] WindowsEditor [ProjectName] Editor" joined multi-casting on [225.0.0.222:54997]...

Player connection [4624] Host "[IP] 192.249.29.25 [Port] 0 [Flags] 2 [Guid] 2742264105 [EditorId] 2742264105 [Version] 1048832 [Id] WindowsEditor(7,LAPTOP-kimchangwan) [Debug] 1 [PackageName] WindowsEditor [ProjectName] Editor" joined alternative multi-casting on [225.0.0.222:34997]...

mdb reader table full -> cleaning up stale readers. Current readers:
    pid     thread     txnid
     28532 1e50 -
     16456 4958 -
     28532 6bd8 -
     28532 6a50 -
     28532 e90 -
     28532 6340 -
      3980 4b04 -
     22336 4e40 -
     11388 4674 -
     27732 388c -
     20156 41e0 -
     26968 226c -
     19876 3d2c -
     27440 6784 -
     24364 44d8 -
     13728 5d68 -
     27260 4fa8 -
     24340 c58 -
     18052 58f0 -
     26884 13d4 822
      2156 6db8 -
     19600 3768 -
      3220 29e0 -
     20636 5f4c -
     13836 5098 -
     15788 5004 -
     16116 3984 -
     10896 6734 -
     15600 2d8c -
      1224 655c 832
     10380 40ac -
     13324 56cc -
      8728 4cf0 -
     25936 286c 836
     14480 6e5c -
     27480 5208 -
     25928 1cb8 -
     16072 1330 -
     13980 6508 -
     23628 1414 -
     18316 482c -
      2448 42fc -
     26080 39fc -
     25224 2990 -
      6464 5d88 -
     10448 5964 -
      1228 6a84 -
     12236 3664 -
     16052 5c88 -
      9360 1f9c -
     17764 3bbc -
      7564 51c0 855
     13752 4ce0 -
      8756 61fc -
     27380 798 860
     18480 6ee8 -
     19484 3658 -
     18584 1120 -
     27588 f1c -
     11204 5ee8 -
     16040 4a60 -
     17528 53f0 870
      9584 6fa8 -
     10460 2278 -
     10476 692c -
      4136 47d0 879
     22080 3a04 879
     17348 598c -
     23396 4ec0 880
     17488 d54 -
     12444 62cc -
      9384 6704 -
     22988 56c4 -
     13144 608c -
     19292 46f0 888
     22100 3298 -
     14644 47f4 -
     23312 2108 896
      3328 39c8 896
     28116 294c -
     15344 1080 -
     21096 679c -
     21440 1608 -
     24664 2468 -
      9292 467c -
      3084 4878 -
     13804 61ac -
      6588 da4 -
     19836 396c -
      6532 4b58 -
     11852 3128 -
     10724 3e00 -
     22652 37e4 -
     14760 52c0 -
     10944 1ee4 -
     24060 1398 -
     24744 5204 -
     24892 3670 -
     13208 6f44 -
      4636 49e4 -
     28596 3924 925
      2820 2204 -
      3512 5a5c -
      9052 6a1c 928
     15356 58c4 929
      2632 4914 -
     17376 b0c -
     12280 5064 -
     14004 1bc8 -
      9636 30bc -
      2752 1870 -
     16424 3df4 -
     16212 417c -
     21528 73cc -
      9368 58c0 -
     13180 9d0 -
     29180 6b6c -
     29460 160c -
     20296 6860 -
     28828 3e58 -
     23876 3efc -
     25512 6f6c -
     24904 4104 -
     22092 4114 -
     16972 6a78 -
     16664 3048 -
Cleaned out 118 stale readers
Refreshing native plugins compatible for Editor in 1977.37 ms, found 4 plugins.
Preloading 0 native plugins for Editor in 0.00 ms.
Initialize engine version: 2022.3.5f1 (9674261d40ee)
[Subsystems] Discovering subsystems at path C:/Program Files/Unity/Hub/Editor/2022.3.5f1/Editor/Data/Resources/UnitySubsystems
[Subsystems] Discovering subsystems at path C:/Users/samsungpc/OneDrive - GIST/바탕 화면/week4/Assets
GfxDevice: creating device client; threaded=0; jobified=0
Direct3D:
    Version:  Direct3D 11.0 [level 11.1]
    Renderer: Intel(R) HD Graphics 620 (ID=0x5916)
    Vendor:   Intel
    VRAM:     4052 MB
    Driver:   27.20.100.8730
Initialize mono
Mono path[0] = 'C:/Program Files/Unity/Hub/Editor/2022.3.5f1/Editor/Data/Managed'
Mono path[1] = 'C:/Program Files/Unity/Hub/Editor/2022.3.5f1/Editor/Data/MonoBleedingEdge/lib/mono/unityjit-win32'
Mono config path = 'C:/Program Files/Unity/Hub/Editor/2022.3.5f1/Editor/Data/MonoBleedingEdge/etc'
Using monoOptions --debugger-agent=transport=dt_socket,embedding=1,server=y,suspend=n,address=127.0.0.1:56180
Begin MonoManager ReloadAssembly
Registering precompiled unity dll's ...
Register platform support module: C:/Program Files/Unity/Hub/Editor/2022.3.5f1/Editor/Data/PlaybackEngines/WebGLSupport/UnityEditor.WebGL.Extensions.dll
Register platform support module: C:/Program Files/Unity/Hub/Editor/2022.3.5f1/Editor/Data/PlaybackEngines/AndroidPlayer/UnityEditor.Android.Extensions.dll
Register platform support module: C:/Program Files/Unity/Hub/Editor/2022.3.5f1/Editor/Data/PlaybackEngines/WindowsStandaloneSupport/UnityEditor.WindowsStandalone.Extensions.dll
Registered in 0.143676 seconds.
- Loaded All Assemblies, in  3.399 seconds
Native extension for WindowsStandalone target not found
Native extension for Android target not found
